Arguments: 
  C:\Program Files\nodejs\node.exe C:\Program Files (x86)\Yarn\bin\yarn.js add @type/node typecript

PATH: 
  C:\Python310\Scripts\;C:\Python310\;C:\Perl64\site\bin;C:\Perl64\bin;C:\Python39\Scripts\;C:\Python39\;C:\Program Files (x86)\NVIDIA Corporation\PhysX\Common;C:\Program Files (x86)\Common Files\Intel\Shared Libraries\redist\intel64\compiler;C:\WINDOWS\system32;C:\WINDOWS;C:\WINDOWS\System32\Wbem;C:\WINDOWS\System32\WindowsPowerShell\v1.0\;C:\WINDOWS\System32\OpenSSH\;C:\Program Files (x86)\Common Files\Propellerhead Software\ReWire\;C:\Program Files\Common Files\Propellerhead Software\ReWire\;C:\Program Files\dotnet\;C:\Program Files (x86)\Intel\Intel(R) Management Engine Components\DAL;C:\Program Files\Intel\Intel(R) Management Engine Components\DAL;C:\Program Files\Git\cmd;C:\LUA;C:\Program Files\Java\jdk-16.0.1\bin;C:\PythonModules\spark-3.0.0-bin-hadoop2.7\bin;%HADOOP_HOME%\bin;C:\Program Files\MATLAB\R2020b\bin;C:\Program Files\PuTTY\;C:\Program Files (x86)\Yarn\bin\;C:\ProgramData\chocolatey\bin;C:\Program Files\Intel\Intel(R) Memory and Storage Tool\;C:\Program Files\nodejs\;C:\Program Files\CMake\bin;C:\Users\alvin\AppData\Local\activestate\cache\bin;C:\Users\alvin\AppData\Local\ActiveState\StateTool\release;C:\Program Files\MySQL\MySQL Shell 8.0\bin\;C:\Users\alvin\Spark\bin;C:\winutils\bin;C:\Users\alvin\AppData\Local\Programs\Microsoft VS Code\bin;C:\Users\alvin\AppData\Local\Programs\MiKTeX\miktex\bin\x64\;C:\Users\alvin\AppData\Local\GitHubDesktop\bin;C:\Users\alvin\AppData\Local\Microsoft\WindowsApps;C:\Users\alvin\AppData\Local\Yarn\bin;C:\Python39;C:\Users\alvin\AppData\Local\gitkraken\bin;C:\Users\alvin\ActiveState\Perl-5.32;C:\msys64\mingw64\bin;C:\Users\alvin\AppData\Roaming\npm

Yarn version: 
  1.22.5

Node version: 
  16.13.2

Platform: 
  win32 x64

Trace: 
  Error: https://registry.yarnpkg.com/@type%2fnode: Not found
      at Request.params.callback [as _callback] (C:\Program Files (x86)\Yarn\lib\cli.js:66097:18)
      at Request.self.callback (C:\Program Files (x86)\Yarn\lib\cli.js:140749:22)
      at Request.emit (node:events:390:28)
      at Request.<anonymous> (C:\Program Files (x86)\Yarn\lib\cli.js:141721:10)
      at Request.emit (node:events:390:28)
      at IncomingMessage.<anonymous> (C:\Program Files (x86)\Yarn\lib\cli.js:141643:12)
      at Object.onceWrapper (node:events:509:28)
      at IncomingMessage.emit (node:events:402:35)
      at endReadableNT (node:internal/streams/readable:1343:12)
      at processTicksAndRejections (node:internal/process/task_queues:83:21)

npm manifest: 
  {
    "name": "three",
    "version": "1.0.0",
    "main": "src/app.ts",
    "license": "MIT"
  }

yarn manifest: 
  No manifest

Lockfile: 
  # THIS IS AN AUTOGENERATED FILE. DO NOT EDIT THIS FILE DIRECTLY.
  # yarn lockfile v1
  
  
  three.js@^0.77.1:
    version "0.77.1"
    resolved "https://registry.yarnpkg.com/three.js/-/three.js-0.77.1.tgz#07858a8749e4b627a31083252a2d987776cca32a"
    integrity sha1-B4WKh0nktiejEIMlKi2Yd3bMoyo=
    dependencies:
      three "0.77.0"
  
  three@0.77.0:
    version "0.77.0"
    resolved "https://registry.yarnpkg.com/three/-/three-0.77.0.tgz#8b0b1b00047689ceaa020d480a562ca60d87ff37"
    integrity sha1-iwsbAAR2ic6qAg1IClYspg2H/zc=
